This is pdfTeX, Version 3.14159265-2.6-1.40.19 (MiKTeX 2.9.6630 64-bit) (preloaded format=pdflatex 2018.6.11)  12 JUL 2018 13:46
entering extended mode
**./SPINE_model_description.tex
(SPINE_model_description.tex
LaTeX2e <2017-04-15>
Babel <3.18> and hyphenation patterns for 75 language(s) loaded.

("C:\Users\u0122387\AppData\Local\Programs\MiKTeX 2.9\tex\latex\base\article.cl
s"
Document Class: article 2014/09/29 v1.4h Standard LaTeX document class
("C:\Users\u0122387\AppData\Local\Programs\MiKTeX 2.9\tex\latex\base\size10.clo
"
File: size10.clo 2014/09/29 v1.4h Standard LaTeX file (size option)
)
\c@part=\count79
\c@section=\count80
\c@subsection=\count81
\c@subsubsection=\count82
\c@paragraph=\count83
\c@subparagraph=\count84
\c@figure=\count85
\c@table=\count86
\abovecaptionskip=\skip41
\belowcaptionskip=\skip42
\bibindent=\dimen102
)
("C:\Users\u0122387\AppData\Local\Programs\MiKTeX 2.9\tex\latex\geometry\geomet
ry.sty"
Package: geometry 2010/09/12 v5.6 Page Geometry

("C:\Users\u0122387\AppData\Local\Programs\MiKTeX 2.9\tex\latex\graphics\keyval
.sty"
Package: keyval 2014/10/28 v1.15 key=value parser (DPC)
\KV@toks@=\toks14
)
("C:\Users\u0122387\AppData\Local\Programs\MiKTeX 2.9\tex\generic\oberdiek\ifpd
f.sty"
Package: ifpdf 2017/03/15 v3.2 Provides the ifpdf switch
)
("C:\Users\u0122387\AppData\Local\Programs\MiKTeX 2.9\tex\generic\oberdiek\ifvt
ex.sty"
Package: ifvtex 2016/05/16 v1.6 Detect VTeX and its facilities (HO)
Package ifvtex Info: VTeX not detected.
)
("C:\Users\u0122387\AppData\Local\Programs\MiKTeX 2.9\tex\generic\ifxetex\ifxet
ex.sty"
Package: ifxetex 2010/09/12 v0.6 Provides ifxetex conditional
)
\Gm@cnth=\count87
\Gm@cntv=\count88
\c@Gm@tempcnt=\count89
\Gm@bindingoffset=\dimen103
\Gm@wd@mp=\dimen104
\Gm@odd@mp=\dimen105
\Gm@even@mp=\dimen106
\Gm@layoutwidth=\dimen107
\Gm@layoutheight=\dimen108
\Gm@layouthoffset=\dimen109
\Gm@layoutvoffset=\dimen110
\Gm@dimlist=\toks15

("C:\Users\u0122387\AppData\Local\Programs\MiKTeX 2.9\tex\latex\geometry\geomet
ry.cfg"))
("C:\Users\u0122387\AppData\Local\Programs\MiKTeX 2.9\tex\latex\lineno\lineno.s
ty"
Package: lineno 2005/11/02 line numbers on paragraphs v4.41
\linenopenalty=\count90
\output=\toks16
\linenoprevgraf=\count91
\linenumbersep=\dimen111
\linenumberwidth=\dimen112
\c@linenumber=\count92
\c@pagewiselinenumber=\count93
\c@LN@truepage=\count94
\c@internallinenumber=\count95
\c@internallinenumbers=\count96
\quotelinenumbersep=\dimen113
\bframerule=\dimen114
\bframesep=\dimen115
\bframebox=\box26
LaTeX Info: Redefining \\ on input line 3056.
)
("C:\Users\u0122387\AppData\Local\Programs\MiKTeX 2.9\tex\latex\hyperref\hyperr
ef.sty"
Package: hyperref 2018/02/06 v6.86b Hypertext links for LaTeX

("C:\Users\u0122387\AppData\Local\Programs\MiKTeX 2.9\tex\generic\oberdiek\hobs
ub-hyperref.sty"
Package: hobsub-hyperref 2016/05/16 v1.14 Bundle oberdiek, subset hyperref (HO)


("C:\Users\u0122387\AppData\Local\Programs\MiKTeX 2.9\tex\generic\oberdiek\hobs
ub-generic.sty"
Package: hobsub-generic 2016/05/16 v1.14 Bundle oberdiek, subset generic (HO)
Package: hobsub 2016/05/16 v1.14 Construct package bundles (HO)
Package: infwarerr 2016/05/16 v1.4 Providing info/warning/error messages (HO)
Package: ltxcmds 2016/05/16 v1.23 LaTeX kernel commands for general use (HO)
Package: ifluatex 2016/05/16 v1.4 Provides the ifluatex switch (HO)
Package ifluatex Info: LuaTeX not detected.
Package hobsub Info: Skipping package `ifvtex' (already loaded).
Package: intcalc 2016/05/16 v1.2 Expandable calculations with integers (HO)
Package hobsub Info: Skipping package `ifpdf' (already loaded).
Package: etexcmds 2016/05/16 v1.6 Avoid name clashes with e-TeX commands (HO)
Package etexcmds Info: Could not find \expanded.
(etexcmds)             That can mean that you are not using pdfTeX 1.50 or
(etexcmds)             that some package has redefined \expanded.
(etexcmds)             In the latter case, load this package earlier.
Package: kvsetkeys 2016/05/16 v1.17 Key value parser (HO)
Package: kvdefinekeys 2016/05/16 v1.4 Define keys (HO)
Package: pdftexcmds 2018/01/21 v0.26 Utility functions of pdfTeX for LuaTeX (HO
)
Package pdftexcmds Info: LuaTeX not detected.
Package pdftexcmds Info: \pdf@primitive is available.
Package pdftexcmds Info: \pdf@ifprimitive is available.
Package pdftexcmds Info: \pdfdraftmode found.
Package: pdfescape 2016/05/16 v1.14 Implements pdfTeX's escape features (HO)
Package: bigintcalc 2016/05/16 v1.4 Expandable calculations on big integers (HO
)
Package: bitset 2016/05/16 v1.2 Handle bit-vector datatype (HO)
Package: uniquecounter 2016/05/16 v1.3 Provide unlimited unique counter (HO)
)
Package hobsub Info: Skipping package `hobsub' (already loaded).
Package: letltxmacro 2016/05/16 v1.5 Let assignment for LaTeX macros (HO)
Package: hopatch 2016/05/16 v1.3 Wrapper for package hooks (HO)
Package: xcolor-patch 2016/05/16 xcolor patch
Package: atveryend 2016/05/16 v1.9 Hooks at the very end of document (HO)
Package atveryend Info: \enddocument detected (standard20110627).
Package: atbegshi 2016/06/09 v1.18 At begin shipout hook (HO)
Package: refcount 2016/05/16 v3.5 Data extraction from label references (HO)
Package: hycolor 2016/05/16 v1.8 Color options for hyperref/bookmark (HO)
)
("C:\Users\u0122387\AppData\Local\Programs\MiKTeX 2.9\tex\latex\oberdiek\auxhoo
k.sty"
Package: auxhook 2016/05/16 v1.4 Hooks for auxiliary files (HO)
)
("C:\Users\u0122387\AppData\Local\Programs\MiKTeX 2.9\tex\latex\oberdiek\kvopti
ons.sty"
Package: kvoptions 2016/05/16 v3.12 Key value format for package options (HO)
)
\@linkdim=\dimen116
\Hy@linkcounter=\count97
\Hy@pagecounter=\count98

("C:\Users\u0122387\AppData\Local\Programs\MiKTeX 2.9\tex\latex\hyperref\pd1enc
.def"
File: pd1enc.def 2018/02/06 v6.86b Hyperref: PDFDocEncoding definition (HO)
)
\Hy@SavedSpaceFactor=\count99

("C:\Users\u0122387\AppData\Local\Programs\MiKTeX 2.9\tex\latex\00miktex\hyperr
ef.cfg"
File: hyperref.cfg 2002/06/06 v1.2 hyperref configuration of TeXLive
)
Package hyperref Info: Hyper figures OFF on input line 4509.
Package hyperref Info: Link nesting OFF on input line 4514.
Package hyperref Info: Hyper index ON on input line 4517.
Package hyperref Info: Plain pages OFF on input line 4524.
Package hyperref Info: Backreferencing OFF on input line 4529.
Package hyperref Info: Implicit mode ON; LaTeX internals redefined.
Package hyperref Info: Bookmarks ON on input line 4762.
\c@Hy@tempcnt=\count100

("C:\Users\u0122387\AppData\Local\Programs\MiKTeX 2.9\tex\latex\url\url.sty"
\Urlmuskip=\muskip10
Package: url 2013/09/16  ver 3.4  Verb mode for urls, etc.
)
LaTeX Info: Redefining \url on input line 5115.
\XeTeXLinkMargin=\dimen117
\Fld@menulength=\count101
\Field@Width=\dimen118
\Fld@charsize=\dimen119
Package hyperref Info: Hyper figures OFF on input line 6369.
Package hyperref Info: Link nesting OFF on input line 6374.
Package hyperref Info: Hyper index ON on input line 6377.
Package hyperref Info: backreferencing OFF on input line 6384.
Package hyperref Info: Link coloring OFF on input line 6389.
Package hyperref Info: Link coloring with OCG OFF on input line 6394.
Package hyperref Info: PDF/A mode OFF on input line 6399.
LaTeX Info: Redefining \ref on input line 6439.
LaTeX Info: Redefining \pageref on input line 6443.
\Hy@abspage=\count102
\c@Item=\count103
\c@Hfootnote=\count104
)
Package hyperref Info: Driver (autodetected): hpdftex.

("C:\Users\u0122387\AppData\Local\Programs\MiKTeX 2.9\tex\latex\hyperref\hpdfte
x.def"
File: hpdftex.def 2018/02/06 v6.86b Hyperref driver for pdfTeX
\Fld@listcount=\count105
\c@bookmark@seq@number=\count106

("C:\Users\u0122387\AppData\Local\Programs\MiKTeX 2.9\tex\latex\oberdiek\rerunf
ilecheck.sty"
Package: rerunfilecheck 2016/05/16 v1.8 Rerun checks for auxiliary files (HO)
Package uniquecounter Info: New unique counter `rerunfilecheck' on input line 2
82.
)
\Hy@SectionHShift=\skip43
)
("C:\Users\u0122387\AppData\Local\Programs\MiKTeX 2.9\tex\latex\caption\caption
.sty"
Package: caption 2018/05/01 v3.3-147 Customizing captions (AR)

("C:\Users\u0122387\AppData\Local\Programs\MiKTeX 2.9\tex\latex\caption\caption
3.sty"
Package: caption3 2018/05/27 v1.8a caption3 kernel (AR)
Package caption3 Info: TeX engine: e-TeX on input line 64.
\captionmargin=\dimen120
\captionmargin@=\dimen121
\captionwidth=\dimen122
\caption@tempdima=\dimen123
\caption@indent=\dimen124
\caption@parindent=\dimen125
\caption@hangindent=\dimen126
)
\c@ContinuedFloat=\count107
Package caption Info: hyperref package is loaded.
)
("C:\Users\u0122387\AppData\Local\Programs\MiKTeX 2.9\tex\latex\placeins\placei
ns.sty"
Package: placeins 2005/04/18  v 2.2
)
("C:\Users\u0122387\AppData\Local\Programs\MiKTeX 2.9\tex\latex\graphics\color.
sty"
Package: color 2016/07/10 v1.1e Standard LaTeX Color (DPC)

("C:\Users\u0122387\AppData\Local\Programs\MiKTeX 2.9\tex\latex\graphics-cfg\co
lor.cfg"
File: color.cfg 2016/01/02 v1.6 sample color configuration
)
Package color Info: Driver file: pdftex.def on input line 147.

("C:\Users\u0122387\AppData\Local\Programs\MiKTeX 2.9\tex\latex\graphics-def\pd
ftex.def"
File: pdftex.def 2018/01/08 v1.0l Graphics/color driver for pdftex
))
("C:\Users\u0122387\AppData\Local\Programs\MiKTeX 2.9\tex\latex\colortbl\colort
bl.sty"
Package: colortbl 2018/05/02 v1.0c Color table columns (DPC)

("C:\Users\u0122387\AppData\Local\Programs\MiKTeX 2.9\tex\latex\tools\array.sty
"
Package: array 2016/10/06 v2.4d Tabular extension package (FMi)
\col@sep=\dimen127
\extrarowheight=\dimen128
\NC@list=\toks17
\extratabsurround=\skip44
\backup@length=\skip45
)
\everycr=\toks18
\minrowclearance=\skip46
)
("C:\Users\u0122387\AppData\Local\Programs\MiKTeX 2.9\tex\latex\tools\tabularx.
sty"
Package: tabularx 2016/02/03 v2.11 `tabularx' package (DPC)
\TX@col@width=\dimen129
\TX@old@table=\dimen130
\TX@old@col=\dimen131
\TX@target=\dimen132
\TX@delta=\dimen133
\TX@cols=\count108
\TX@ftn=\toks19
)
("C:\Users\u0122387\AppData\Local\Programs\MiKTeX 2.9\tex\latex\graphics\graphi
cx.sty"
Package: graphicx 2017/06/01 v1.1a Enhanced LaTeX Graphics (DPC,SPQR)

("C:\Users\u0122387\AppData\Local\Programs\MiKTeX 2.9\tex\latex\graphics\graphi
cs.sty"
Package: graphics 2017/06/25 v1.2c Standard LaTeX Graphics (DPC,SPQR)

("C:\Users\u0122387\AppData\Local\Programs\MiKTeX 2.9\tex\latex\graphics\trig.s
ty"
Package: trig 2016/01/03 v1.10 sin cos tan (DPC)
)
("C:\Users\u0122387\AppData\Local\Programs\MiKTeX 2.9\tex\latex\graphics-cfg\gr
aphics.cfg"
File: graphics.cfg 2016/06/04 v1.11 sample graphics configuration
)
Package graphics Info: Driver file: pdftex.def on input line 99.
)
\Gin@req@height=\dimen134
\Gin@req@width=\dimen135
)
("C:\Users\u0122387\AppData\Local\Programs\MiKTeX 2.9\tex\latex\oberdiek\epstop
df.sty"
Package: epstopdf 2016/05/15 v2.6 Conversion with epstopdf on the fly (HO)

("C:\Users\u0122387\AppData\Local\Programs\MiKTeX 2.9\tex\latex\oberdiek\epstop
df-base.sty"
Package: epstopdf-base 2016/05/15 v2.6 Base part for package epstopdf

("C:\Users\u0122387\AppData\Local\Programs\MiKTeX 2.9\tex\latex\oberdiek\grfext
.sty"
Package: grfext 2016/05/16 v1.2 Manage graphics extensions (HO)
)
Package epstopdf-base Info: Redefining graphics rule for `.eps' on input line 4
38.
Package grfext Info: Graphics extension search list:
(grfext)             [.pdf,.png,.jpg,.mps,.jpeg,.jbig2,.jb2,.PDF,.PNG,.JPG,.JPE
G,.JBIG2,.JB2,.eps]
(grfext)             \AppendGraphicsExtensions on input line 456.
))
("C:\Users\u0122387\AppData\Local\Programs\MiKTeX 2.9\tex\latex\amsmath\amsmath
.sty"
Package: amsmath 2017/09/02 v2.17a AMS math features
\@mathmargin=\skip47

For additional information on amsmath, use the `?' option.

("C:\Users\u0122387\AppData\Local\Programs\MiKTeX 2.9\tex\latex\amsmath\amstext
.sty"
Package: amstext 2000/06/29 v2.01 AMS text

("C:\Users\u0122387\AppData\Local\Programs\MiKTeX 2.9\tex\latex\amsmath\amsgen.
sty"
File: amsgen.sty 1999/11/30 v2.0 generic functions
\@emptytoks=\toks20
\ex@=\dimen136
))
("C:\Users\u0122387\AppData\Local\Programs\MiKTeX 2.9\tex\latex\amsmath\amsbsy.
sty"
Package: amsbsy 1999/11/29 v1.2d Bold Symbols
\pmbraise@=\dimen137
)
("C:\Users\u0122387\AppData\Local\Programs\MiKTeX 2.9\tex\latex\amsmath\amsopn.
sty"
Package: amsopn 2016/03/08 v2.02 operator names
)
\inf@bad=\count109
LaTeX Info: Redefining \frac on input line 213.
\uproot@=\count110
\leftroot@=\count111
LaTeX Info: Redefining \overline on input line 375.
\classnum@=\count112
\DOTSCASE@=\count113
LaTeX Info: Redefining \ldots on input line 472.
LaTeX Info: Redefining \dots on input line 475.
LaTeX Info: Redefining \cdots on input line 596.
\Mathstrutbox@=\box27
\strutbox@=\box28
\big@size=\dimen138
LaTeX Font Info:    Redeclaring font encoding OML on input line 712.
LaTeX Font Info:    Redeclaring font encoding OMS on input line 713.
\macc@depth=\count114
\c@MaxMatrixCols=\count115
\dotsspace@=\muskip11
\c@parentequation=\count116
\dspbrk@lvl=\count117
\tag@help=\toks21
\row@=\count118
\column@=\count119
\maxfields@=\count120
\andhelp@=\toks22
\eqnshift@=\dimen139
\alignsep@=\dimen140
\tagshift@=\dimen141
\tagwidth@=\dimen142
\totwidth@=\dimen143
\lineht@=\dimen144
\@envbody=\toks23
\multlinegap=\skip48
\multlinetaggap=\skip49
\mathdisplay@stack=\toks24
LaTeX Info: Redefining \[ on input line 2817.
LaTeX Info: Redefining \] on input line 2818.
)
("C:\Users\u0122387\AppData\Local\Programs\MiKTeX 2.9\tex\latex\amsfonts\amssym
b.sty"
Package: amssymb 2013/01/14 v3.01 AMS font symbols

("C:\Users\u0122387\AppData\Local\Programs\MiKTeX 2.9\tex\latex\amsfonts\amsfon
ts.sty"
Package: amsfonts 2013/01/14 v3.01 Basic AMSFonts support
\symAMSa=\mathgroup4
\symAMSb=\mathgroup5
LaTeX Font Info:    Overwriting math alphabet `\mathfrak' in version `bold'
(Font)                  U/euf/m/n --> U/euf/b/n on input line 106.
))
("C:\Users\u0122387\AppData\Local\Programs\MiKTeX 2.9\tex\latex\subfig\subfig.s
ty"
Package: subfig 2005/06/28 ver: 1.3 subfig package
\c@KVtest=\count121
\sf@farskip=\skip50
\sf@captopadj=\dimen145
\sf@capskip=\skip51
\sf@nearskip=\skip52
\c@subfigure=\count122
\c@subfigure@save=\count123
\c@lofdepth=\count124
\c@subtable=\count125
\c@subtable@save=\count126
\c@lotdepth=\count127
\sf@top=\skip53
\sf@bottom=\skip54
)
("C:\Users\u0122387\AppData\Local\Programs\MiKTeX 2.9\tex\latex\notoccite\notoc
cite.sty"
Package: notoccite 2000/07/20
)
("C:\Users\u0122387\AppData\Local\Programs\MiKTeX 2.9\tex\latex\tools\longtable
.sty"
Package: longtable 2014/10/28 v4.11 Multi-page Table package (DPC)
\LTleft=\skip55
\LTright=\skip56
\LTpre=\skip57
\LTpost=\skip58
\LTchunksize=\count128
\LTcapwidth=\dimen146
\LT@head=\box29
\LT@firsthead=\box30
\LT@foot=\box31
\LT@lastfoot=\box32
\LT@cols=\count129
\LT@rows=\count130
\c@LT@tables=\count131
\c@LT@chunks=\count132
\LT@p@ftn=\toks25
)
("C:\Users\u0122387\AppData\Local\Programs\MiKTeX 2.9\tex\latex\eurosym\eurosym
.sty"
Package: eurosym 1998/08/06 v1.1 European currency symbol ``Euro''
\@eurobox=\box33
)
("C:\Users\u0122387\AppData\Local\Programs\MiKTeX 2.9\tex\latex\pgf\frontendlay
er\tikz.sty"
("C:\Users\u0122387\AppData\Local\Programs\MiKTeX 2.9\tex\latex\pgf\basiclayer\
pgf.sty"
("C:\Users\u0122387\AppData\Local\Programs\MiKTeX 2.9\tex\latex\pgf\utilities\p
gfrcs.sty"
("C:\Users\u0122387\AppData\Local\Programs\MiKTeX 2.9\tex\generic\pgf\utilities
\pgfutil-common.tex"
\pgfutil@everybye=\toks26
\pgfutil@tempdima=\dimen147
\pgfutil@tempdimb=\dimen148

("C:\Users\u0122387\AppData\Local\Programs\MiKTeX 2.9\tex\generic\pgf\utilities
\pgfutil-common-lists.tex"))
("C:\Users\u0122387\AppData\Local\Programs\MiKTeX 2.9\tex\generic\pgf\utilities
\pgfutil-latex.def"
\pgfutil@abb=\box34

("C:\Users\u0122387\AppData\Local\Programs\MiKTeX 2.9\tex\latex\ms\everyshi.sty
"
Package: everyshi 2001/05/15 v3.00 EveryShipout Package (MS)
))
("C:\Users\u0122387\AppData\Local\Programs\MiKTeX 2.9\tex\generic\pgf\utilities
\pgfrcs.code.tex"
Package: pgfrcs 2015/08/07 v3.0.1a (rcs-revision 1.31)
))
Package: pgf 2015/08/07 v3.0.1a (rcs-revision 1.15)

("C:\Users\u0122387\AppData\Local\Programs\MiKTeX 2.9\tex\latex\pgf\basiclayer\
pgfcore.sty"
("C:\Users\u0122387\AppData\Local\Programs\MiKTeX 2.9\tex\latex\pgf\systemlayer
\pgfsys.sty"
("C:\Users\u0122387\AppData\Local\Programs\MiKTeX 2.9\tex\generic\pgf\systemlay
er\pgfsys.code.tex"
Package: pgfsys 2014/07/09 v3.0.1a (rcs-revision 1.48)

("C:\Users\u0122387\AppData\Local\Programs\MiKTeX 2.9\tex\generic\pgf\utilities
\pgfkeys.code.tex"
\pgfkeys@pathtoks=\toks27
\pgfkeys@temptoks=\toks28

("C:\Users\u0122387\AppData\Local\Programs\MiKTeX 2.9\tex\generic\pgf\utilities
\pgfkeysfiltered.code.tex"
\pgfkeys@tmptoks=\toks29
))
\pgf@x=\dimen149
\pgf@y=\dimen150
\pgf@xa=\dimen151
\pgf@ya=\dimen152
\pgf@xb=\dimen153
\pgf@yb=\dimen154
\pgf@xc=\dimen155
\pgf@yc=\dimen156
\w@pgf@writea=\write3
\r@pgf@reada=\read1
\c@pgf@counta=\count133
\c@pgf@countb=\count134
\c@pgf@countc=\count135
\c@pgf@countd=\count136
\t@pgf@toka=\toks30
\t@pgf@tokb=\toks31
\t@pgf@tokc=\toks32

("C:\Users\u0122387\AppData\Local\Programs\MiKTeX 2.9\tex\generic\pgf\systemlay
er\pgf.cfg"
File: pgf.cfg 2008/05/14  (rcs-revision 1.7)
)
Driver file for pgf: pgfsys-pdftex.def

("C:\Users\u0122387\AppData\Local\Programs\MiKTeX 2.9\tex\generic\pgf\systemlay
er\pgfsys-pdftex.def"
File: pgfsys-pdftex.def 2014/10/11  (rcs-revision 1.35)

("C:\Users\u0122387\AppData\Local\Programs\MiKTeX 2.9\tex\generic\pgf\systemlay
er\pgfsys-common-pdf.def"
File: pgfsys-common-pdf.def 2013/10/10  (rcs-revision 1.13)
)))
("C:\Users\u0122387\AppData\Local\Programs\MiKTeX 2.9\tex\generic\pgf\systemlay
er\pgfsyssoftpath.code.tex"
File: pgfsyssoftpath.code.tex 2013/09/09  (rcs-revision 1.9)
\pgfsyssoftpath@smallbuffer@items=\count137
\pgfsyssoftpath@bigbuffer@items=\count138
)
("C:\Users\u0122387\AppData\Local\Programs\MiKTeX 2.9\tex\generic\pgf\systemlay
er\pgfsysprotocol.code.tex"
File: pgfsysprotocol.code.tex 2006/10/16  (rcs-revision 1.4)
))
("C:\Users\u0122387\AppData\Local\Programs\MiKTeX 2.9\tex\latex\xcolor\xcolor.s
ty"
Package: xcolor 2016/05/11 v2.12 LaTeX color extensions (UK)

("C:\Users\u0122387\AppData\Local\Programs\MiKTeX 2.9\tex\latex\graphics-cfg\co
lor.cfg"
File: color.cfg 2016/01/02 v1.6 sample color configuration
)
Package xcolor Info: Driver file: pdftex.def on input line 225.
LaTeX Info: Redefining \color on input line 709.
Package xcolor Info: Model `cmy' substituted by `cmy0' on input line 1348.
Package xcolor Info: Model `hsb' substituted by `rgb' on input line 1352.
Package xcolor Info: Model `RGB' extended on input line 1364.
Package xcolor Info: Model `HTML' substituted by `rgb' on input line 1366.
Package xcolor Info: Model `Hsb' substituted by `hsb' on input line 1367.
Package xcolor Info: Model `tHsb' substituted by `hsb' on input line 1368.
Package xcolor Info: Model `HSB' substituted by `hsb' on input line 1369.
Package xcolor Info: Model `Gray' substituted by `gray' on input line 1370.
Package xcolor Info: Model `wave' substituted by `hsb' on input line 1371.
)
("C:\Users\u0122387\AppData\Local\Programs\MiKTeX 2.9\tex\generic\pgf\basiclaye
r\pgfcore.code.tex"
Package: pgfcore 2010/04/11 v3.0.1a (rcs-revision 1.7)

("C:\Users\u0122387\AppData\Local\Programs\MiKTeX 2.9\tex\generic\pgf\math\pgfm
ath.code.tex"
("C:\Users\u0122387\AppData\Local\Programs\MiKTeX 2.9\tex\generic\pgf\math\pgfm
athcalc.code.tex"
("C:\Users\u0122387\AppData\Local\Programs\MiKTeX 2.9\tex\generic\pgf\math\pgfm
athutil.code.tex")
("C:\Users\u0122387\AppData\Local\Programs\MiKTeX 2.9\tex\generic\pgf\math\pgfm
athparser.code.tex"
\pgfmath@dimen=\dimen157
\pgfmath@count=\count139
\pgfmath@box=\box35
\pgfmath@toks=\toks33
\pgfmath@stack@operand=\toks34
\pgfmath@stack@operation=\toks35
)
("C:\Users\u0122387\AppData\Local\Programs\MiKTeX 2.9\tex\generic\pgf\math\pgfm
athfunctions.code.tex"
("C:\Users\u0122387\AppData\Local\Programs\MiKTeX 2.9\tex\generic\pgf\math\pgfm
athfunctions.basic.code.tex")
("C:\Users\u0122387\AppData\Local\Programs\MiKTeX 2.9\tex\generic\pgf\math\pgfm
athfunctions.trigonometric.code.tex")
("C:\Users\u0122387\AppData\Local\Programs\MiKTeX 2.9\tex\generic\pgf\math\pgfm
athfunctions.random.code.tex")
("C:\Users\u0122387\AppData\Local\Programs\MiKTeX 2.9\tex\generic\pgf\math\pgfm
athfunctions.comparison.code.tex")
("C:\Users\u0122387\AppData\Local\Programs\MiKTeX 2.9\tex\generic\pgf\math\pgfm
athfunctions.base.code.tex")
("C:\Users\u0122387\AppData\Local\Programs\MiKTeX 2.9\tex\generic\pgf\math\pgfm
athfunctions.round.code.tex")
("C:\Users\u0122387\AppData\Local\Programs\MiKTeX 2.9\tex\generic\pgf\math\pgfm
athfunctions.misc.code.tex")
("C:\Users\u0122387\AppData\Local\Programs\MiKTeX 2.9\tex\generic\pgf\math\pgfm
athfunctions.integerarithmetics.code.tex")))
("C:\Users\u0122387\AppData\Local\Programs\MiKTeX 2.9\tex\generic\pgf\math\pgfm
athfloat.code.tex"
\c@pgfmathroundto@lastzeros=\count140
))
("C:\Users\u0122387\AppData\Local\Programs\MiKTeX 2.9\tex\generic\pgf\basiclaye
r\pgfcorepoints.code.tex"
File: pgfcorepoints.code.tex 2013/10/07  (rcs-revision 1.27)
\pgf@picminx=\dimen158
\pgf@picmaxx=\dimen159
\pgf@picminy=\dimen160
\pgf@picmaxy=\dimen161
\pgf@pathminx=\dimen162
\pgf@pathmaxx=\dimen163
\pgf@pathminy=\dimen164
\pgf@pathmaxy=\dimen165
\pgf@xx=\dimen166
\pgf@xy=\dimen167
\pgf@yx=\dimen168
\pgf@yy=\dimen169
\pgf@zx=\dimen170
\pgf@zy=\dimen171
)
("C:\Users\u0122387\AppData\Local\Programs\MiKTeX 2.9\tex\generic\pgf\basiclaye
r\pgfcorepathconstruct.code.tex"
File: pgfcorepathconstruct.code.tex 2013/10/07  (rcs-revision 1.29)
\pgf@path@lastx=\dimen172
\pgf@path@lasty=\dimen173
)
("C:\Users\u0122387\AppData\Local\Programs\MiKTeX 2.9\tex\generic\pgf\basiclaye
r\pgfcorepathusage.code.tex"
File: pgfcorepathusage.code.tex 2014/11/02  (rcs-revision 1.24)
\pgf@shorten@end@additional=\dimen174
\pgf@shorten@start@additional=\dimen175
)
("C:\Users\u0122387\AppData\Local\Programs\MiKTeX 2.9\tex\generic\pgf\basiclaye
r\pgfcorescopes.code.tex"
File: pgfcorescopes.code.tex 2015/05/08  (rcs-revision 1.46)
\pgfpic=\box36
\pgf@hbox=\box37
\pgf@layerbox@main=\box38
\pgf@picture@serial@count=\count141
)
("C:\Users\u0122387\AppData\Local\Programs\MiKTeX 2.9\tex\generic\pgf\basiclaye
r\pgfcoregraphicstate.code.tex"
File: pgfcoregraphicstate.code.tex 2014/11/02  (rcs-revision 1.12)
\pgflinewidth=\dimen176
)
("C:\Users\u0122387\AppData\Local\Programs\MiKTeX 2.9\tex\generic\pgf\basiclaye
r\pgfcoretransformations.code.tex"
File: pgfcoretransformations.code.tex 2015/08/07  (rcs-revision 1.20)
\pgf@pt@x=\dimen177
\pgf@pt@y=\dimen178
\pgf@pt@temp=\dimen179
)
("C:\Users\u0122387\AppData\Local\Programs\MiKTeX 2.9\tex\generic\pgf\basiclaye
r\pgfcorequick.code.tex"
File: pgfcorequick.code.tex 2008/10/09  (rcs-revision 1.3)
)
("C:\Users\u0122387\AppData\Local\Programs\MiKTeX 2.9\tex\generic\pgf\basiclaye
r\pgfcoreobjects.code.tex"
File: pgfcoreobjects.code.tex 2006/10/11  (rcs-revision 1.2)
)
("C:\Users\u0122387\AppData\Local\Programs\MiKTeX 2.9\tex\generic\pgf\basiclaye
r\pgfcorepathprocessing.code.tex"
File: pgfcorepathprocessing.code.tex 2013/09/09  (rcs-revision 1.9)
)
("C:\Users\u0122387\AppData\Local\Programs\MiKTeX 2.9\tex\generic\pgf\basiclaye
r\pgfcorearrows.code.tex"
File: pgfcorearrows.code.tex 2015/05/14  (rcs-revision 1.43)
\pgfarrowsep=\dimen180
)
("C:\Users\u0122387\AppData\Local\Programs\MiKTeX 2.9\tex\generic\pgf\basiclaye
r\pgfcoreshade.code.tex"
File: pgfcoreshade.code.tex 2013/07/15  (rcs-revision 1.15)
\pgf@max=\dimen181
\pgf@sys@shading@range@num=\count142
)
("C:\Users\u0122387\AppData\Local\Programs\MiKTeX 2.9\tex\generic\pgf\basiclaye
r\pgfcoreimage.code.tex"
File: pgfcoreimage.code.tex 2013/07/15  (rcs-revision 1.18)

("C:\Users\u0122387\AppData\Local\Programs\MiKTeX 2.9\tex\generic\pgf\basiclaye
r\pgfcoreexternal.code.tex"
File: pgfcoreexternal.code.tex 2014/07/09  (rcs-revision 1.21)
\pgfexternal@startupbox=\box39
))
("C:\Users\u0122387\AppData\Local\Programs\MiKTeX 2.9\tex\generic\pgf\basiclaye
r\pgfcorelayers.code.tex"
File: pgfcorelayers.code.tex 2013/07/18  (rcs-revision 1.7)
)
("C:\Users\u0122387\AppData\Local\Programs\MiKTeX 2.9\tex\generic\pgf\basiclaye
r\pgfcoretransparency.code.tex"
File: pgfcoretransparency.code.tex 2013/09/30  (rcs-revision 1.5)
)
("C:\Users\u0122387\AppData\Local\Programs\MiKTeX 2.9\tex\generic\pgf\basiclaye
r\pgfcorepatterns.code.tex"
File: pgfcorepatterns.code.tex 2013/11/07  (rcs-revision 1.5)
)))
("C:\Users\u0122387\AppData\Local\Programs\MiKTeX 2.9\tex\generic\pgf\modules\p
gfmoduleshapes.code.tex"
File: pgfmoduleshapes.code.tex 2014/03/21  (rcs-revision 1.35)
\pgfnodeparttextbox=\box40
)
("C:\Users\u0122387\AppData\Local\Programs\MiKTeX 2.9\tex\generic\pgf\modules\p
gfmoduleplot.code.tex"
File: pgfmoduleplot.code.tex 2015/08/03  (rcs-revision 1.13)
)
("C:\Users\u0122387\AppData\Local\Programs\MiKTeX 2.9\tex\latex\pgf\compatibili
ty\pgfcomp-version-0-65.sty"
Package: pgfcomp-version-0-65 2007/07/03 v3.0.1a (rcs-revision 1.7)
\pgf@nodesepstart=\dimen182
\pgf@nodesepend=\dimen183
)
("C:\Users\u0122387\AppData\Local\Programs\MiKTeX 2.9\tex\latex\pgf\compatibili
ty\pgfcomp-version-1-18.sty"
Package: pgfcomp-version-1-18 2007/07/23 v3.0.1a (rcs-revision 1.1)
))
("C:\Users\u0122387\AppData\Local\Programs\MiKTeX 2.9\tex\latex\pgf\utilities\p
gffor.sty"
("C:\Users\u0122387\AppData\Local\Programs\MiKTeX 2.9\tex\latex\pgf\utilities\p
gfkeys.sty"
("C:\Users\u0122387\AppData\Local\Programs\MiKTeX 2.9\tex\generic\pgf\utilities
\pgfkeys.code.tex"))
("C:\Users\u0122387\AppData\Local\Programs\MiKTeX 2.9\tex\latex\pgf\math\pgfmat
h.sty"
("C:\Users\u0122387\AppData\Local\Programs\MiKTeX 2.9\tex\generic\pgf\math\pgfm
ath.code.tex"))
("C:\Users\u0122387\AppData\Local\Programs\MiKTeX 2.9\tex\generic\pgf\utilities
\pgffor.code.tex"
Package: pgffor 2013/12/13 v3.0.1a (rcs-revision 1.25)

("C:\Users\u0122387\AppData\Local\Programs\MiKTeX 2.9\tex\generic\pgf\math\pgfm
ath.code.tex")
\pgffor@iter=\dimen184
\pgffor@skip=\dimen185
\pgffor@stack=\toks36
\pgffor@toks=\toks37
))
("C:\Users\u0122387\AppData\Local\Programs\MiKTeX 2.9\tex\generic\pgf\frontendl
ayer\tikz\tikz.code.tex"
Package: tikz 2015/08/07 v3.0.1a (rcs-revision 1.151)

("C:\Users\u0122387\AppData\Local\Programs\MiKTeX 2.9\tex\generic\pgf\libraries
\pgflibraryplothandlers.code.tex"
File: pgflibraryplothandlers.code.tex 2013/08/31 v3.0.1a (rcs-revision 1.20)
\pgf@plot@mark@count=\count143
\pgfplotmarksize=\dimen186
)
\tikz@lastx=\dimen187
\tikz@lasty=\dimen188
\tikz@lastxsaved=\dimen189
\tikz@lastysaved=\dimen190
\tikzleveldistance=\dimen191
\tikzsiblingdistance=\dimen192
\tikz@figbox=\box41
\tikz@figbox@bg=\box42
\tikz@tempbox=\box43
\tikz@tempbox@bg=\box44
\tikztreelevel=\count144
\tikznumberofchildren=\count145
\tikznumberofcurrentchild=\count146
\tikz@fig@count=\count147

("C:\Users\u0122387\AppData\Local\Programs\MiKTeX 2.9\tex\generic\pgf\modules\p
gfmodulematrix.code.tex"
File: pgfmodulematrix.code.tex 2013/09/17  (rcs-revision 1.8)
\pgfmatrixcurrentrow=\count148
\pgfmatrixcurrentcolumn=\count149
\pgf@matrix@numberofcolumns=\count150
)
\tikz@expandcount=\count151

("C:\Users\u0122387\AppData\Local\Programs\MiKTeX 2.9\tex\generic\pgf\frontendl
ayer\tikz\libraries\tikzlibrarytopaths.code.tex"
File: tikzlibrarytopaths.code.tex 2008/06/17 v3.0.1a (rcs-revision 1.2)
)))
("C:\Users\u0122387\AppData\Local\Programs\MiKTeX 2.9\tex\latex\pgfplots\pgfplo
ts.sty"
("C:\Users\u0122387\AppData\Local\Programs\MiKTeX 2.9\tex\generic\pgfplots\pgfp
lots.revision.tex")
Package: pgfplots 2018/03/28 v1.16 Data Visualization (1.16)

("C:\Users\u0122387\AppData\Local\Programs\MiKTeX 2.9\tex\generic\pgfplots\pgfp
lots.code.tex"
("C:\Users\u0122387\AppData\Local\Programs\MiKTeX 2.9\tex\generic\pgfplots\pgfp
lotscore.code.tex"
\t@pgfplots@toka=\toks38
\t@pgfplots@tokb=\toks39
\t@pgfplots@tokc=\toks40
\pgfplots@tmpa=\dimen193
\c@pgfplots@coordindex=\count152
\c@pgfplots@scanlineindex=\count153

("C:\Users\u0122387\AppData\Local\Programs\MiKTeX 2.9\tex\generic\pgfplots\sys\
pgfplotssysgeneric.code.tex"))
("C:\Users\u0122387\AppData\Local\Programs\MiKTeX 2.9\tex\generic\pgfplots\libs
\pgfplotslibrary.code.tex")
("C:\Users\u0122387\AppData\Local\Programs\MiKTeX 2.9\tex\generic\pgfplots\oldp
gfcompatib\pgfplotsoldpgfsupp_loader.code.tex"
("C:\Users\u0122387\AppData\Local\Programs\MiKTeX 2.9\tex\generic\pgf\libraries
\pgflibraryfpu.code.tex")
Package pgfplots: loading complementary arithmetics for your pgf version...

("C:\Users\u0122387\AppData\Local\Programs\MiKTeX 2.9\tex\generic\pgfplots\oldp
gfcompatib\pgfplotsoldpgfsupp_pgflibraryfpu.code.tex")
("C:\Users\u0122387\AppData\Local\Programs\MiKTeX 2.9\tex\generic\pgfplots\oldp
gfcompatib\pgfplotsoldpgfsupp_pgfmathfloat.code.tex"
\c@pgfmathroundto@lastzeros=\count154
)
("C:\Users\u0122387\AppData\Local\Programs\MiKTeX 2.9\tex\generic\pgfplots\oldp
gfcompatib\pgfplotsoldpgfsupp_leq.code.tex"))
("C:\Users\u0122387\AppData\Local\Programs\MiKTeX 2.9\tex\generic\pgfplots\util
\pgfplotsutil.code.tex"
("C:\Users\u0122387\AppData\Local\Programs\MiKTeX 2.9\tex\generic\pgfplots\list
structure\pgfplotsliststructure.code.tex")
("C:\Users\u0122387\AppData\Local\Programs\MiKTeX 2.9\tex\generic\pgfplots\list
structure\pgfplotsliststructureext.code.tex")
("C:\Users\u0122387\AppData\Local\Programs\MiKTeX 2.9\tex\generic\pgfplots\list
structure\pgfplotsarray.code.tex"
\c@pgfplotsarray@tmp=\count155
)
("C:\Users\u0122387\AppData\Local\Programs\MiKTeX 2.9\tex\generic\pgfplots\list
structure\pgfplotsmatrix.code.tex")
("C:\Users\u0122387\AppData\Local\Programs\MiKTeX 2.9\tex\generic\pgfplots\numt
able\pgfplotstableshared.code.tex"
\c@pgfplotstable@counta=\count156
\t@pgfplotstable@a=\toks41
)
("C:\Users\u0122387\AppData\Local\Programs\MiKTeX 2.9\tex\generic\pgfplots\list
structure\pgfplotsdeque.code.tex")
("C:\Users\u0122387\AppData\Local\Programs\MiKTeX 2.9\tex\generic\pgfplots\util
\pgfplotsbinary.code.tex"
("C:\Users\u0122387\AppData\Local\Programs\MiKTeX 2.9\tex\generic\pgfplots\util
\pgfplotsbinary.data.code.tex"))
("C:\Users\u0122387\AppData\Local\Programs\MiKTeX 2.9\tex\generic\pgfplots\util
\pgfplotsutil.verb.code.tex")
("C:\Users\u0122387\AppData\Local\Programs\MiKTeX 2.9\tex\generic\pgfplots\libs
\pgflibrarypgfplots.surfshading.code.tex"
\c@pgfplotslibrarysurf@no=\count157

("C:\Users\u0122387\AppData\Local\Programs\MiKTeX 2.9\tex\generic\pgfplots\sys\
pgflibrarypgfplots.surfshading.pgfsys-pdftex.def")))
("C:\Users\u0122387\AppData\Local\Programs\MiKTeX 2.9\tex\generic\pgfplots\util
\pgfplotscolormap.code.tex"
("C:\Users\u0122387\AppData\Local\Programs\MiKTeX 2.9\tex\generic\pgfplots\util
\pgfplotscolor.code.tex"))
("C:\Users\u0122387\AppData\Local\Programs\MiKTeX 2.9\tex\generic\pgfplots\pgfp
lotsstackedplots.code.tex")
("C:\Users\u0122387\AppData\Local\Programs\MiKTeX 2.9\tex\generic\pgfplots\pgfp
lotsplothandlers.code.tex"
("C:\Users\u0122387\AppData\Local\Programs\MiKTeX 2.9\tex\generic\pgfplots\pgfp
lotsmeshplothandler.code.tex"
("C:\Users\u0122387\AppData\Local\Programs\MiKTeX 2.9\tex\generic\pgfplots\pgfp
lotsmeshplotimage.code.tex")))
("C:\Users\u0122387\AppData\Local\Programs\MiKTeX 2.9\tex\generic\pgfplots\pgfp
lots.scaling.code.tex")
("C:\Users\u0122387\AppData\Local\Programs\MiKTeX 2.9\tex\generic\pgfplots\pgfp
lotscoordprocessing.code.tex")
("C:\Users\u0122387\AppData\Local\Programs\MiKTeX 2.9\tex\generic\pgfplots\pgfp
lots.errorbars.code.tex")
("C:\Users\u0122387\AppData\Local\Programs\MiKTeX 2.9\tex\generic\pgfplots\pgfp
lots.markers.code.tex")
("C:\Users\u0122387\AppData\Local\Programs\MiKTeX 2.9\tex\generic\pgfplots\pgfp
lotsticks.code.tex")
("C:\Users\u0122387\AppData\Local\Programs\MiKTeX 2.9\tex\generic\pgfplots\pgfp
lots.paths.code.tex")
("C:\Users\u0122387\AppData\Local\Programs\MiKTeX 2.9\tex\generic\pgf\frontendl
ayer\tikz\libraries\tikzlibrarydecorations.code.tex"
("C:\Users\u0122387\AppData\Local\Programs\MiKTeX 2.9\tex\generic\pgf\modules\p
gfmoduledecorations.code.tex"
\pgfdecoratedcompleteddistance=\dimen194
\pgfdecoratedremainingdistance=\dimen195
\pgfdecoratedinputsegmentcompleteddistance=\dimen196
\pgfdecoratedinputsegmentremainingdistance=\dimen197
\pgf@decorate@distancetomove=\dimen198
\pgf@decorate@repeatstate=\count158
\pgfdecorationsegmentamplitude=\dimen199
\pgfdecorationsegmentlength=\dimen256
)
\tikz@lib@dec@box=\box45
)
("C:\Users\u0122387\AppData\Local\Programs\MiKTeX 2.9\tex\generic\pgf\frontendl
ayer\tikz\libraries\tikzlibrarydecorations.pathmorphing.code.tex"
("C:\Users\u0122387\AppData\Local\Programs\MiKTeX 2.9\tex\generic\pgf\libraries
\decorations\pgflibrarydecorations.pathmorphing.code.tex"))
("C:\Users\u0122387\AppData\Local\Programs\MiKTeX 2.9\tex\generic\pgf\frontendl
ayer\tikz\libraries\tikzlibrarydecorations.pathreplacing.code.tex"
("C:\Users\u0122387\AppData\Local\Programs\MiKTeX 2.9\tex\generic\pgf\libraries
\decorations\pgflibrarydecorations.pathreplacing.code.tex"))
\pgfplots@numplots=\count159
\pgfplots@xmin@reg=\dimen257
\pgfplots@xmax@reg=\dimen258
\pgfplots@ymin@reg=\dimen259
\pgfplots@ymax@reg=\dimen260
\pgfplots@zmin@reg=\dimen261
\pgfplots@zmax@reg=\dimen262
)
("C:\Users\u0122387\AppData\Local\Programs\MiKTeX 2.9\tex\generic\pgf\frontendl
ayer\tikz\libraries\tikzlibraryplotmarks.code.tex"
File: tikzlibraryplotmarks.code.tex 2008/01/09 v3.0.1a (rcs-revision 1.1)

("C:\Users\u0122387\AppData\Local\Programs\MiKTeX 2.9\tex\generic\pgf\libraries
\pgflibraryplotmarks.code.tex"
File: pgflibraryplotmarks.code.tex 2015/08/03 v3.0.1a (rcs-revision 1.14)
)))
("C:\Users\u0122387\AppData\Local\Programs\MiKTeX 2.9\tex\generic\pgf\frontendl
ayer\tikz\libraries\tikzlibraryspy.code.tex"
File: tikzlibraryspy.code.tex 2011/05/19 v3.0.1a (rcs-revision 1.4)
\tikz@lib@spybox=\box46
)
("C:\Users\u0122387\AppData\Local\Programs\MiKTeX 2.9\tex\generic\pgf\frontendl
ayer\tikz\libraries\tikzlibrarycalc.code.tex"
File: tikzlibrarycalc.code.tex 2013/07/15 v3.0.1a (rcs-revision 1.9)
)
("C:\Users\u0122387\AppData\Local\Programs\MiKTeX 2.9\tex\generic\pgf\frontendl
ayer\tikz\libraries\tikzlibrarypositioning.code.tex"
File: tikzlibrarypositioning.code.tex 2008/10/06 v3.0.1a (rcs-revision 1.7)
)
("C:\Users\u0122387\AppData\Local\Programs\MiKTeX 2.9\tex\latex\oberdiek\grffil
e.sty"
Package: grffile 2017/06/30 v1.18 Extended file name support for graphics (HO)
Package grffile Info: Option `multidot' is set to `true'.
Package grffile Info: Option `extendedchars' is set to `false'.
Package grffile Info: Option `space' is set to `true'.
Package grffile Info: \Gin@ii of package `graphicx' fixed on input line 494.
)
("C:\Users\u0122387\AppData\Local\Programs\MiKTeX 2.9\tex\generic\pgfplots\libs
\tikzlibrarypgfplots.external.code.tex"
("C:\Users\u0122387\AppData\Local\Programs\MiKTeX 2.9\tex\latex\pgf\frontendlay
er\libraries\tikzlibraryexternal.code.tex"
("C:\Users\u0122387\AppData\Local\Programs\MiKTeX 2.9\tex\generic\pgf\frontendl
ayer\tikz\libraries\tikzexternalshared.code.tex"))
Package pgfplots external lib: loading complementary code for your PGF version.
..

("C:\Users\u0122387\AppData\Local\Programs\MiKTeX 2.9\tex\generic\pgfplots\oldp
gfcompatib\pgfplotsoldpgfsupp_pgfcoreexternal.code.tex"
File: pgfcoreexternal.code.tex 2015/08/29  (rcs-revision 1.22)
\pgfexternal@startupbox=\box47
)
("C:\Users\u0122387\AppData\Local\Programs\MiKTeX 2.9\tex\generic\pgfplots\oldp
gfcompatib\pgfplotsoldpgfsupp_tikzlibraryexternal.code.tex"
("C:\Users\u0122387\AppData\Local\Programs\MiKTeX 2.9\tex\generic\pgfplots\oldp
gfcompatib\pgfplotsoldpgfsupp_tikzexternalshared.code.tex")))
(00_math_symbols.tex) (SPINE_model_description.aux (00_nomenclature.aux)

LaTeX Warning: Label `' multiply defined.


LaTeX Warning: Label `eq:transconstraints1' multiply defined.


LaTeX Warning: Label `eq:transconstraints1' multiply defined.


LaTeX Warning: Label `eq:transconstraints1' multiply defined.

)
\openout1 = `SPINE_model_description.aux'.

LaTeX Font Info:    Checking defaults for OML/cmm/m/it on input line 80.
LaTeX Font Info:    ... okay on input line 80.
LaTeX Font Info:    Checking defaults for T1/cmr/m/n on input line 80.
LaTeX Font Info:    ... okay on input line 80.
LaTeX Font Info:    Checking defaults for OT1/cmr/m/n on input line 80.
LaTeX Font Info:    ... okay on input line 80.
LaTeX Font Info:    Checking defaults for OMS/cmsy/m/n on input line 80.
LaTeX Font Info:    ... okay on input line 80.
LaTeX Font Info:    Checking defaults for OMX/cmex/m/n on input line 80.
LaTeX Font Info:    ... okay on input line 80.
LaTeX Font Info:    Checking defaults for U/cmr/m/n on input line 80.
LaTeX Font Info:    ... okay on input line 80.
LaTeX Font Info:    Checking defaults for PD1/pdf/m/n on input line 80.
LaTeX Font Info:    ... okay on input line 80.

*geometry* driver: auto-detecting
*geometry* detected driver: pdftex
*geometry* verbose mode - [ preamble ] result:
* driver: pdftex
* paper: a4paper
* layout: <same size as paper>
* layoutoffset:(h,v)=(0.0pt,0.0pt)
* modes: 
* h-part:(L,W,R)=(93.95122pt, 409.60544pt, 93.95122pt)
* v-part:(T,H,B)=(86.72377pt, 686.05309pt, 72.26999pt)
* \paperwidth=597.50787pt
* \paperheight=845.04684pt
* \textwidth=409.60544pt
* \textheight=686.05309pt
* \oddsidemargin=21.68123pt
* \evensidemargin=21.68123pt
* \topmargin=-22.54622pt
* \headheight=12.0pt
* \headsep=25.0pt
* \topskip=10.0pt
* \footskip=18.06749pt
* \marginparwidth=65.0pt
* \marginparsep=11.0pt
* \columnsep=10.0pt
* \skip\footins=9.0pt plus 4.0pt minus 2.0pt
* \hoffset=0.0pt
* \voffset=0.0pt
* \mag=1000
* \@twocolumnfalse
* \@twosidefalse
* \@mparswitchfalse
* \@reversemarginfalse
* (1in=72.27pt=25.4mm, 1cm=28.453pt)

\AtBeginShipoutBox=\box48
Package hyperref Info: Link coloring OFF on input line 80.

("C:\Users\u0122387\AppData\Local\Programs\MiKTeX 2.9\tex\latex\hyperref\namere
f.sty"
Package: nameref 2016/05/21 v2.44 Cross-referencing by name of section

("C:\Users\u0122387\AppData\Local\Programs\MiKTeX 2.9\tex\generic\oberdiek\gett
itlestring.sty"
Package: gettitlestring 2016/05/16 v1.5 Cleanup title references (HO)
)
\c@section@level=\count160
)
LaTeX Info: Redefining \ref on input line 80.
LaTeX Info: Redefining \pageref on input line 80.
LaTeX Info: Redefining \nameref on input line 80.
 (SPINE_model_description.out) (SPINE_model_description.out)
\@outlinefile=\write4
\openout4 = `SPINE_model_description.out'.

Package caption Info: Begin \AtBeginDocument code.
Package caption Info: subfig package v1.3 is loaded.
Package caption Info: longtable package is loaded.

("C:\Users\u0122387\AppData\Local\Programs\MiKTeX 2.9\tex\latex\caption\ltcapti
on.sty"
Package: ltcaption 2013/06/09 v1.4-94 longtable captions (AR)
)
Package caption Info: End \AtBeginDocument code.

("C:\Users\u0122387\AppData\Local\Programs\MiKTeX 2.9\tex\context\base\supp-pdf
.mkii"
[Loading MPS to PDF converter (version 2006.09.02).]
\scratchcounter=\count161
\scratchdimen=\dimen263
\scratchbox=\box49
\nofMPsegments=\count162
\nofMParguments=\count163
\everyMPshowfont=\toks42
\MPscratchCnt=\count164
\MPscratchDim=\dimen264
\MPnumerator=\count165
\makeMPintoPDFobject=\count166
\everyMPtoPDFconversion=\toks43
) ABD: EveryShipout initializing macros
Package pgfplots notification 'compat/show suggested version=true': document ha
s been generated with the most recent feature set (\pgfplotsset{compat=1.16}).

LaTeX Font Info:    Try loading font information for U+msa on input line 84.

("C:\Users\u0122387\AppData\Local\Programs\MiKTeX 2.9\tex\latex\amsfonts\umsa.f
d"
File: umsa.fd 2013/01/14 v3.01 AMS symbols A
)
LaTeX Font Info:    Try loading font information for U+msb on input line 84.

("C:\Users\u0122387\AppData\Local\Programs\MiKTeX 2.9\tex\latex\amsfonts\umsb.f
d"
File: umsb.fd 2013/01/14 v3.01 AMS symbols B
) (SPINE_model_description.toc)
\tf@toc=\write5
\openout5 = `SPINE_model_description.toc'.

 [1

{C:/Users/u0122387/AppData/Local/MiKTeX/2.9/pdftex/config/pdftex.map}]
\openout2 = `00_nomenclature.aux'.

 (00_nomenclature.tex
\totalcol=\count167
\cola=\dimen265
\colb=\dimen266
\colc=\dimen267

Underfull \hbox (badness 10000) in paragraph at lines 29--29
[]|$\OT1/cmr/m/n/10 (\OML/cmm/m/it/10 c; u; n\OT1/cmr/m/n/10 ) \OMS/cmsy/m/n/10
 2
 []


Underfull \hbox (badness 10000) in paragraph at lines 30--30
[]|$\OT1/cmr/m/n/10 (\OML/cmm/m/it/10 c; u; n\OT1/cmr/m/n/10 ) \OMS/cmsy/m/n/10
 2
 []

[2


]) [3] (Sections/Spine_model_formulation.tex
LaTeX Font Info:    Try loading font information for OMS+cmr on input line 19.

("C:\Users\u0122387\AppData\Local\Programs\MiKTeX 2.9\tex\latex\base\omscmr.fd"
File: omscmr.fd 2014/09/29 v2.5h Standard LaTeX font definitions
)
LaTeX Font Info:    Font shape `OMS/cmr/m/n' in size <10> not available
(Font)              Font shape `OMS/cmsy/m/n' tried instead on input line 19.

Overfull \hbox (29.86896pt too wide) detected at line 57
[]
 []

[4

] [5]
Overfull \hbox (82.29088pt too wide) detected at line 145
[]
 []


Overfull \hbox (2.2831pt too wide) detected at line 152
[]
 []


Overfull \hbox (77.9465pt too wide) detected at line 162
[]
 []

[6]
Overfull \hbox (61.08043pt too wide) detected at line 169
[]
 []

[7]
Overfull \hbox (50.01028pt too wide) detected at line 232
[]
 []


Overfull \hbox (61.30746pt too wide) detected at line 239
[]
 []


Overfull \hbox (6.7481pt too wide) in paragraph at lines 255--256
[]\OT1/cmr/m/n/10 Certain ramp-rate for-mu-la-tions de-pend-ing on the archetyp
e ($\OML/cmm/m/it/10 p[]$\OT1/cmr/m/n/10 , $\OML/cmm/m/it/10 p[]$\OT1/cmr/m/n/1
0 ) 
 []

[8] [9] (Geographical_strucutre.pdf_tex
<Geographical_strucutre.pdf, id=242, page=1, 263.43816pt x 58.22536pt>
File: Geographical_strucutre.pdf Graphic file (type pdf)
<use Geographical_strucutre.pdf, page 1>
Package pdftex.def Info: Geographical_strucutre.pdf , page1 used on input line 
56.
(pdftex.def)             Requested size: 263.43814pt x 58.22519pt.
) (Geographical_strucutre2.pdf_tex
<Geographical_strucutre2.pdf, id=243, page=1, 263.97862pt x 185.43677pt>
File: Geographical_strucutre2.pdf Graphic file (type pdf)
<use Geographical_strucutre2.pdf, page 1>
Package pdftex.def Info: Geographical_strucutre2.pdf , page1 used on input line
 56.
(pdftex.def)             Requested size: 263.97864pt x 185.44194pt.
<Geographical_strucutre2.pdf, id=244, page=2, 263.97862pt x 185.43677pt>
File: Geographical_strucutre2.pdf Graphic file (type pdf)
<use Geographical_strucutre2.pdf, page 2>
Package pdftex.def Info: Geographical_strucutre2.pdf , page2 used on input line
 61.
(pdftex.def)             Requested size: 263.97864pt x 185.44194pt.
)
[10 <./Geographical_strucutre.pdf> <./Geographical_strucutre2.pdf

pdfTeX warning: pdflatex (file ./Geographical_strucutre2.pdf): PDF inclusion: m
ultiple pdfs with page group included in a single page
> <./Geographical_strucutre2.pdf

pdfTeX warning: pdflatex (file ./Geographical_strucutre2.pdf): PDF inclusion: m
ultiple pdfs with page group included in a single page
>]) (Sections/Open_issues.tex [11]
(Sections/Open_issues/exogenous_commodities.tex
Overfull \hbox (105.89093pt too wide) detected at line 18
[]
 []


Overfull \hbox (7.21324pt too wide) in paragraph at lines 34--35
[]\OT1/cmr/m/n/10 There is a flow vari-able re-lated to the im-port of that com
-mod-ity -> one vari-able $\OML/cmm/m/it/10 v[]$
 []

) [12

] (Sections/Open_issues/reserve_commodities.tex [13]))
(Sections/Examples.tex [14] [15

]
Overfull \hbox (14.63167pt too wide) in paragraph at lines 62--63
\OT1/cmr/m/n/10 Minimum op-er-at-ing point con-straints can be in-tro-duced via
 the pa-ram-e-ter $\OML/cmm/m/it/10 p[]$\OT1/cmr/m/n/10 ,
 []


Overfull \hbox (8.85828pt too wide) in paragraph at lines 62--63
\OT1/cmr/m/n/10 which in-duces Eq. []. This pa-ram-e-ter needs to be spec-i-fie
d for a spe-cific com-mod-ity/commodity
 []

) [16]
Package atveryend Info: Empty hook `BeforeClearDocument' on input line 122.
Package atveryend Info: Empty hook `AfterLastShipout' on input line 122.
 (SPINE_model_description.aux (00_nomenclature.aux))
Package atveryend Info: Executing hook `AtVeryEndDocument' on input line 122.
Package atveryend Info: Executing hook `AtEndAfterFileList' on input line 122.
Package rerunfilecheck Info: File `SPINE_model_description.out' has not changed
.
(rerunfilecheck)             Checksum: 92DA42D845DD265966011A96D0974E0D;2020.


LaTeX Warning: There were multiply-defined labels.

Package atveryend Info: Empty hook `AtVeryVeryEnd' on input line 122.
 ) 
Here is how much of TeX's memory you used:
 28636 strings out of 493305
 696324 string characters out of 3128497
 915938 words of memory out of 3000000
 31530 multiletter control sequences out of 15000+200000
 13393 words of font info for 52 fonts, out of 3000000 for 9000
 1144 hyphenation exceptions out of 8191
 78i,17n,136p,1100b,609s stack positions out of 5000i,500n,10000p,200000b,50000s
<C:/Users/u0122387/AppData/Local/Programs/MiKTeX 2.9/fonts/type1/public/amsfo
nts/cm/cmbx10.pfb><C:/Users/u0122387/AppData/Local/Programs/MiKTeX 2.9/fonts/ty
pe1/public/amsfonts/cm/cmbx12.pfb><C:/Users/u0122387/AppData/Local/Programs/MiK
TeX 2.9/fonts/type1/public/amsfonts/cm/cmex10.pfb><C:/Users/u0122387/AppData/Lo
cal/Programs/MiKTeX 2.9/fonts/type1/public/amsfonts/cm/cmmi10.pfb><C:/Users/u01
22387/AppData/Local/Programs/MiKTeX 2.9/fonts/type1/public/amsfonts/cm/cmmi5.pf
b><C:/Users/u0122387/AppData/Local/Programs/MiKTeX 2.9/fonts/type1/public/amsfo
nts/cm/cmmi7.pfb><C:/Users/u0122387/AppData/Local/Programs/MiKTeX 2.9/fonts/typ
e1/public/amsfonts/cm/cmr10.pfb><C:/Users/u0122387/AppData/Local/Programs/MiKTe
X 2.9/fonts/type1/public/amsfonts/cm/cmr12.pfb><C:/Users/u0122387/AppData/Local
/Programs/MiKTeX 2.9/fonts/type1/public/amsfonts/cm/cmr17.pfb><C:/Users/u012238
7/AppData/Local/Programs/MiKTeX 2.9/fonts/type1/public/amsfonts/cm/cmr5.pfb><C:
/Users/u0122387/AppData/Local/Programs/MiKTeX 2.9/fonts/type1/public/amsfonts/c
m/cmr6.pfb><C:/Users/u0122387/AppData/Local/Programs/MiKTeX 2.9/fonts/type1/pub
lic/amsfonts/cm/cmr7.pfb><C:/Users/u0122387/AppData/Local/Programs/MiKTeX 2.9/f
onts/type1/public/amsfonts/cm/cmr8.pfb><C:/Users/u0122387/AppData/Local/Program
s/MiKTeX 2.9/fonts/type1/public/amsfonts/cm/cmr9.pfb><C:/Users/u0122387/AppData
/Local/Programs/MiKTeX 2.9/fonts/type1/public/amsfonts/cm/cmsy10.pfb><C:/Users/
u0122387/AppData/Local/Programs/MiKTeX 2.9/fonts/type1/public/amsfonts/cm/cmsy5
.pfb><C:/Users/u0122387/AppData/Local/Programs/MiKTeX 2.9/fonts/type1/public/am
sfonts/cm/cmsy7.pfb>
Output written on SPINE_model_description.pdf (16 pages, 295986 bytes).
PDF statistics:
 407 PDF objects out of 1000 (max. 8388607)
 124 named destinations out of 1000 (max. 500000)
 228 words of extra memory for PDF output out of 10000 (max. 10000000)

