\BOOKMARK [1][-]{section.1}{Model formulation}{}% 1
\BOOKMARK [2][-]{subsection.1.1}{Objective function}{section.1}% 2
\BOOKMARK [2][-]{subsection.1.2}{Technological constraints}{section.1}% 3
\BOOKMARK [3][-]{subsubsection.1.2.1}{Define unit/technology capacity}{subsection.1.2}% 4
\BOOKMARK [3][-]{subsubsection.1.2.2}{Static and linear relationships between input and output commodity flows}{subsection.1.2}% 5
\BOOKMARK [3][-]{subsubsection.1.2.3}{Absolute bounds on input and output commodity flows}{subsection.1.2}% 6
\BOOKMARK [3][-]{subsubsection.1.2.4}{Dynamic constraints on input and output commodity flows}{subsection.1.2}% 7
\BOOKMARK [3][-]{subsubsection.1.2.5}{Commitment-related constraints}{subsection.1.2}% 8
\BOOKMARK [2][-]{subsection.1.3}{System constraints}{section.1}% 9
\BOOKMARK [2][-]{subsection.1.4}{Geographical constraints}{section.1}% 10
\BOOKMARK [3][-]{subsubsection.1.4.1}{Base case}{subsection.1.4}% 11
\BOOKMARK [3][-]{subsubsection.1.4.2}{One connector with more than two nodes connected}{subsection.1.4}% 12
\BOOKMARK [1][-]{section.2}{Open issues}{}% 13
\BOOKMARK [2][-]{subsection.2.1}{On treatment of exogenous commodities}{section.2}% 14
\BOOKMARK [2][-]{subsection.2.2}{Treatment of reserve commodities}{section.2}% 15
\BOOKMARK [1][-]{section.3}{Examples}{}% 16
\BOOKMARK [2][-]{subsection.3.1}{Thermal power plant}{section.3}% 17
\BOOKMARK [3][-]{subsubsection.3.1.1}{Maximum power}{subsection.3.1}% 18
\BOOKMARK [3][-]{subsubsection.3.1.2}{Fuel consumption}{subsection.3.1}% 19
\BOOKMARK [3][-]{subsubsection.3.1.3}{GHG emissions}{subsection.3.1}% 20
\BOOKMARK [3][-]{subsubsection.3.1.4}{Minimum operating point}{subsection.3.1}% 21
\BOOKMARK [3][-]{subsubsection.3.1.5}{Minimum up and down times}{subsection.3.1}% 22
\BOOKMARK [3][-]{subsubsection.3.1.6}{Ramping constraints}{subsection.3.1}% 23
\BOOKMARK [2][-]{subsection.3.2}{Back-pressure CHP CCGT}{section.3}% 24
\BOOKMARK [2][-]{subsection.3.3}{Extraction-condensing CHP CCGT}{section.3}% 25
